0 info it worked if it ends with ok
1 verbose cli [ 'node', '/usr/local/bin/npm', 'install', '-g', 'chai' ]
2 info using npm@1.4.21
3 info using node@v0.10.30
4 verbose cache add [ 'chai', null ]
5 verbose cache add name=undefined spec="chai" args=["chai",null]
6 verbose parsed url { protocol: null,
6 verbose parsed url   slashes: null,
6 verbose parsed url   auth: null,
6 verbose parsed url   host: null,
6 verbose parsed url   port: null,
6 verbose parsed url   hostname: null,
6 verbose parsed url   hash: null,
6 verbose parsed url   search: null,
6 verbose parsed url   query: null,
6 verbose parsed url   pathname: 'chai',
6 verbose parsed url   path: 'chai',
6 verbose parsed url   href: 'chai' }
7 silly lockFile 353fd541-chai chai
8 verbose lock chai /Users/lukaszgandecki/.npm/353fd541-chai.lock
9 silly lockFile 353fd541-chai chai
10 silly lockFile 353fd541-chai chai
11 verbose addNamed [ 'chai', '' ]
12 verbose addNamed [ null, '*' ]
13 silly lockFile 583c5f63-chai chai@
14 verbose lock chai@ /Users/lukaszgandecki/.npm/583c5f63-chai.lock
15 silly addNameRange { name: 'chai', range: '*', hasData: false }
16 verbose request where is /chai
17 verbose request registry https://registry.npmjs.org/
18 verbose request id ace3ce9ac448d378
19 verbose url raw /chai
20 verbose url resolving [ 'https://registry.npmjs.org/', './chai' ]
21 verbose url resolved https://registry.npmjs.org/chai
22 verbose request where is https://registry.npmjs.org/chai
23 info trying registry request attempt 1 at 21:23:34
24 verbose etag "9QU2EFO5JZVYVH0PBIROAULHI"
25 http GET https://registry.npmjs.org/chai
26 http 304 https://registry.npmjs.org/chai
27 silly registry.get cb [ 304,
27 silly registry.get   { date: 'Mon, 27 Apr 2015 02:23:34 GMT',
27 silly registry.get     server: 'Apache',
27 silly registry.get     via: '1.1 varnish',
27 silly registry.get     'last-modified': 'Mon, 27 Apr 2015 02:23:34 GMT',
27 silly registry.get     'cache-control': 'max-age=60',
27 silly registry.get     etag: '"9QU2EFO5JZVYVH0PBIROAULHI"',
27 silly registry.get     age: '0',
27 silly registry.get     'x-served-by': 'cache-dfw1823-DFW',
27 silly registry.get     'x-cache': 'HIT',
27 silly registry.get     'x-cache-hits': '1',
27 silly registry.get     'x-timer': 'S1430101414.896006,VS0,VE46',
27 silly registry.get     vary: 'Accept',
27 silly registry.get     'content-length': '0',
27 silly registry.get     'keep-alive': 'timeout=10, max=50',
27 silly registry.get     connection: 'Keep-Alive' } ]
28 verbose etag https://registry.npmjs.org/chai from cache
29 silly addNameRange number 2 { name: 'chai', range: '*', hasData: true }
30 silly addNameRange versions [ 'chai',
30 silly addNameRange   [ '0.0.1',
30 silly addNameRange     '0.0.2',
30 silly addNameRange     '0.1.0',
30 silly addNameRange     '0.1.1',
30 silly addNameRange     '0.1.2',
30 silly addNameRange     '0.1.3',
30 silly addNameRange     '0.1.4',
30 silly addNameRange     '0.1.5',
30 silly addNameRange     '0.1.6',
30 silly addNameRange     '0.1.7',
30 silly addNameRange     '0.2.0',
30 silly addNameRange     '0.2.1',
30 silly addNameRange     '0.2.2',
30 silly addNameRange     '0.2.3',
30 silly addNameRange     '0.2.4',
30 silly addNameRange     '0.3.0',
30 silly addNameRange     '0.3.1',
30 silly addNameRange     '0.3.2',
30 silly addNameRange     '0.3.3',
30 silly addNameRange     '0.3.4',
30 silly addNameRange     '0.4.0',
30 silly addNameRange     '0.4.1',
30 silly addNameRange     '0.4.2',
30 silly addNameRange     '0.5.0',
30 silly addNameRange     '0.5.1',
30 silly addNameRange     '0.5.2',
30 silly addNameRange     '0.5.3',
30 silly addNameRange     '1.0.0',
30 silly addNameRange     '1.0.1',
30 silly addNameRange     '1.0.2',
30 silly addNameRange     '1.0.3',
30 silly addNameRange     '1.0.4',
30 silly addNameRange     '1.1.0',
30 silly addNameRange     '1.1.1',
30 silly addNameRange     '1.2.0',
30 silly addNameRange     '1.3.0',
30 silly addNameRange     '1.4.0',
30 silly addNameRange     '1.4.1',
30 silly addNameRange     '1.4.2',
30 silly addNameRange     '1.5.0',
30 silly addNameRange     '1.6.0',
30 silly addNameRange     '1.6.1',
30 silly addNameRange     '1.7.0',
30 silly addNameRange     '1.7.1',
30 silly addNameRange     '1.7.2',
30 silly addNameRange     '1.8.0',
30 silly addNameRange     '1.8.1',
30 silly addNameRange     '1.9.0',
30 silly addNameRange     '1.9.1',
30 silly addNameRange     '1.9.2',
30 silly addNameRange     '1.10.0',
30 silly addNameRange     '2.0.0',
30 silly addNameRange     '2.1.0',
30 silly addNameRange     '2.1.1',
30 silly addNameRange     '2.1.2',
30 silly addNameRange     '2.2.0',
30 silly addNameRange     '2.3.0' ] ]
31 verbose addNamed [ 'chai', '2.3.0' ]
32 verbose addNamed [ '2.3.0', '2.3.0' ]
33 silly lockFile dc997df9-chai-2-3-0 chai@2.3.0
34 verbose lock chai@2.3.0 /Users/lukaszgandecki/.npm/dc997df9-chai-2-3-0.lock
35 silly lockFile dc997df9-chai-2-3-0 chai@2.3.0
36 silly lockFile dc997df9-chai-2-3-0 chai@2.3.0
37 silly lockFile 583c5f63-chai chai@
38 silly lockFile 583c5f63-chai chai@
39 silly resolved [ { author: { name: 'Jake Luer', email: 'jake@alogicalparadox.com' },
39 silly resolved     name: 'chai',
39 silly resolved     description: 'BDD/TDD assertion library for node.js and the browser. Test framework agnostic.',
39 silly resolved     keywords: [ 'test', 'assertion', 'assert', 'testing', 'chai' ],
39 silly resolved     homepage: 'http://chaijs.com',
39 silly resolved     license: 'MIT',
39 silly resolved     contributors: [ [Object], [Object], [Object], [Object] ],
39 silly resolved     version: '2.3.0',
39 silly resolved     repository: { type: 'git', url: 'https://github.com/chaijs/chai' },
39 silly resolved     bugs: { url: 'https://github.com/chaijs/chai/issues' },
39 silly resolved     main: './index',
39 silly resolved     scripts: { test: 'make test' },
39 silly resolved     engines: { node: '>= 0.4.0' },
39 silly resolved     dependencies: { 'assertion-error': '1.0.0', 'deep-eql': '0.1.3' },
39 silly resolved     devDependencies:
39 silly resolved      { component: '*',
39 silly resolved        karma: '0.12.x',
39 silly resolved        'karma-mocha': '*',
39 silly resolved        'karma-sauce-launcher': '0.2.x',
39 silly resolved        'karma-phantomjs-launcher': '0.1.1',
39 silly resolved        'karma-firefox-launcher': '^0.1.4',
39 silly resolved        mocha: '1.21.x',
39 silly resolved        istanbul: '0.2.x' },
39 silly resolved     gitHead: '3de55026458ace296df354757361953ec1949859',
39 silly resolved     _id: 'chai@2.3.0',
39 silly resolved     _shasum: '8a2f6a34748da801090fd73287b2aa739a4e909a',
39 silly resolved     _from: 'chai@',
39 silly resolved     _npmVersion: '2.7.6',
39 silly resolved     _nodeVersion: '0.10.36',
39 silly resolved     _npmUser: { name: 'chaijs', email: 'chaijs@keithcirkel.co.uk' },
39 silly resolved     dist:
39 silly resolved      { shasum: '8a2f6a34748da801090fd73287b2aa739a4e909a',
39 silly resolved        tarball: 'http://registry.npmjs.org/chai/-/chai-2.3.0.tgz' },
39 silly resolved     maintainers: [ [Object], [Object] ],
39 silly resolved     directories: {},
39 silly resolved     _resolved: 'https://registry.npmjs.org/chai/-/chai-2.3.0.tgz',
39 silly resolved     readme: 'ERROR: No README data found!' } ]
40 info install chai@2.3.0 into /usr/local/lib
41 info installOne chai@2.3.0
42 verbose lib/node_modules/chai unbuild
43 info preuninstall chai@2.3.0
44 info uninstall chai@2.3.0
45 verbose true,/usr/local/lib/node_modules,/usr/local/lib/node_modules unbuild chai@2.3.0
46 info postuninstall chai@2.3.0
47 verbose lib/node_modules/chai unbuild
48 info preuninstall chai@2.3.0
49 info uninstall chai@2.3.0
50 verbose true,/usr/local/lib/node_modules,/usr/local/lib/node_modules unbuild chai@2.3.0
51 info postuninstall chai@2.3.0
52 error error rolling back Error: EACCES, unlink '/usr/local/lib/node_modules/chai'
52 error error rolling back  chai@2.3.0 { [Error: EACCES, unlink '/usr/local/lib/node_modules/chai']
52 error error rolling back   errno: 3,
52 error error rolling back   code: 'EACCES',
52 error error rolling back   path: '/usr/local/lib/node_modules/chai' }
53 error Error: EACCES, unlink '/usr/local/lib/node_modules/chai'
53 error  { [Error: EACCES, unlink '/usr/local/lib/node_modules/chai']
53 error   errno: 3,
53 error   code: 'EACCES',
53 error   path: '/usr/local/lib/node_modules/chai' }
54 error Please try running this command again as root/Administrator.
55 error System Darwin 14.3.0
56 error command "node" "/usr/local/bin/npm" "install" "-g" "chai"
57 error cwd /Users/lukaszgandecki/webstorm/testing/theBrainTDD
58 error node -v v0.10.30
59 error npm -v 1.4.21
60 error path /usr/local/lib/node_modules/chai
61 error code EACCES
62 error errno 3
63 error stack Error: EACCES, unlink '/usr/local/lib/node_modules/chai'
64 verbose exit [ 3, true ]
